[2023-06-23T00:56:35.872Z] starting `heroku update --autoupdate` from /usr/local/bin/heroku login
waiting until 2023-06-23T01:56:35.851Z to update
waiting until 2023-06-23T01:56:35.851Z to update
waiting until 2023-06-23T01:56:35.851Z to update
waiting until 2023-06-23T01:56:35.851Z to update
waiting until 2023-06-23T01:56:35.851Z to update
waiting until 2023-06-23T01:56:35.851Z to update
waiting until 2023-06-23T02:01:59.635Z to update
waiting until 2023-06-23T02:01:59.635Z to update
waiting until 2023-06-23T02:01:59.635Z to update
waiting until 2023-06-23T02:01:59.635Z to update
waiting until 2023-06-23T02:01:59.635Z to update
waiting until 2023-06-23T02:01:59.635Z to update
waiting until 2023-06-23T02:01:59.635Z to update
waiting until 2023-06-23T02:01:59.635Z to update
waiting until 2023-06-23T02:01:59.635Z to update
waiting until 2023-06-23T02:01:59.635Z to update
waiting until 2023-06-23T02:01:59.635Z to update
waiting until 2023-06-23T02:01:59.635Z to update
waiting until 2023-06-23T02:01:59.635Z to update
waiting until 2023-06-23T02:01:59.635Z to update
waiting until 2023-06-23T02:01:59.635Z to update
waiting until 2023-06-23T02:01:59.635Z to update
waiting until 2023-06-23T02:01:59.635Z to update
waiting until 2023-06-23T02:01:59.635Z to update
waiting until 2023-06-23T02:01:59.635Z to update
waiting until 2023-06-23T02:01:59.635Z to update
waiting until 2023-06-23T02:01:59.635Z to update
waiting until 2023-06-23T02:01:59.635Z to update
waiting until 2023-06-23T02:01:59.635Z to update
waiting until 2023-06-23T02:01:59.635Z to update
waiting until 2023-06-23T02:01:59.635Z to update
waiting until 2023-06-23T02:01:59.635Z to update
waiting until 2023-06-23T02:01:59.635Z to update
waiting until 2023-06-23T02:01:59.635Z to update
waiting until 2023-06-23T02:01:59.635Z to update
waiting until 2023-06-23T02:01:59.635Z to update
waiting until 2023-06-23T02:01:59.635Z to update
waiting until 2023-06-23T02:01:59.635Z to update
waiting until 2023-06-23T02:01:59.635Z to update
waiting until 2023-06-23T02:01:59.635Z to update
waiting until 2023-06-23T02:01:59.635Z to update
waiting until 2023-06-23T02:01:59.635Z to update
waiting until 2023-06-23T02:01:59.635Z to update
waiting until 2023-06-23T02:01:59.635Z to update
waiting until 2023-06-23T02:01:59.635Z to update
waiting until 2023-06-23T02:01:59.635Z to update
waiting until 2023-06-23T02:01:59.635Z to update
waiting until 2023-06-23T02:01:59.635Z to update
waiting until 2023-06-23T02:01:59.635Z to update
waiting until 2023-06-23T02:01:59.635Z to update
waiting until 2023-06-23T02:01:59.635Z to update
waiting until 2023-06-23T02:01:59.635Z to update
waiting until 2023-06-23T02:01:59.635Z to update
waiting until 2023-06-23T02:01:59.635Z to update
waiting until 2023-06-23T02:01:59.635Z to update
waiting until 2023-06-23T02:01:59.635Z to update
waiting until 2023-06-23T02:01:59.635Z to update
waiting until 2023-06-23T02:01:59.635Z to update
waiting until 2023-06-23T02:01:59.635Z to update
waiting until 2023-06-23T02:01:59.635Z to update
waiting until 2023-06-23T02:01:59.635Z to update
waiting until 2023-06-23T02:01:59.635Z to update
waiting until 2023-06-23T02:01:59.635Z to update
waiting until 2023-06-23T02:01:59.635Z to update
waiting until 2023-06-23T02:01:59.635Z to update
waiting until 2023-06-23T02:01:59.635Z to update
time to update
heroku: Updating CLI...
 ›   Warning: update with: "npm update -g heroku"
[G[1A[Jheroku: Updating CLI... not updatable
